<?xml version="1.0" encoding="UTF-8"?>
<!-- Generated by org.testng.reporters.JUnitReportReporter -->
<testsuite hostname="LAPTOP-TK9RH53Q" failures="0" tests="2" name="getRequest.GetData" time="2.895" errors="0" timestamp="20 Mar 2018 13:52:17 GMT" skipped="0">
  <testcase classname="getRequest.GetData" name="testResponseCode" time="2.248"/>
  <testcase classname="getRequest.GetData" name="testBody" time="0.647"/>
</testsuite> <!-- getRequest.GetData -->
